<?xml version="1.0" encoding="UTF-8"?>
<testsuite xmlns:xsi="http://www.w3.org/2001/XMLSchema-instance" xsi:noNamespaceSchemaLocation="https://maven.apache.org/surefire/maven-surefire-plugin/xsd/surefire-test-report.xsd" name="complexLibrary.MatricesComplejasTest" time="0.738" tests="39" errors="0" skipped="0" failures="0">
  <properties>
[...]
</properties>
  <testcase name="deberiaSumarDosMatrices2" classname="complexLibrary.MatricesComplejasTest" time="0.344"/>
  <testcase name="deberiaMultiplicarDosMatrices" classname="complexLibrary.MatricesComplejasTest" time="0"/>
  <testcase name="deberiaCalcularLaNormaDeUnVector" classname="complexLibrary.MatricesComplejasTest" time="0"/>
  <testcase name="noDeberiaMultiplicarDosMatrices" classname="complexLibrary.MatricesComplejasTest" time="0"/>
  <testcase name="deberiaCalcularLaMatrizAdjunta" classname="complexLibrary.MatricesComplejasTest" time="0"/>
  <testcase name="deberiaSumarDosVectores" classname="complexLibrary.MatricesComplejasTest" time="0"/>
  <testcase name="deberiaCalcularLaMatrizTranspuesta2" classname="complexLibrary.MatricesComplejasTest" time="0"/>
  <testcase name="noDeberiaSumarMatricesDeTamañosDiferentes" classname="complexLibrary.MatricesComplejasTest" time="0.001"/>
  <testcase name="deberiaCalcularElProductoPorUnEscalarEnUnaMatriz" classname="complexLibrary.MatricesComplejasTest" time="0"/>
  <testcase name="deberiaCalcularLaMatrizConjugada2" classname="complexLibrary.MatricesComplejasTest" time="0.001"/>
  <testcase name="deberiaSerHermitiana2" classname="complexLibrary.MatricesComplejasTest" time="0"/>
  <testcase name="deberiaSumarDosVectores2" classname="complexLibrary.MatricesComplejasTest" time="0"/>
  <testcase name="noDeberiaMultiplicarDosMatrices2" classname="complexLibrary.MatricesComplejasTest" time="0"/>
  <testcase name="deberiaCalcularLaMatrizTranspuesta" classname="complexLibrary.MatricesComplejasTest" time="0"/>
  <testcase name="deberiaSerHermitiana" classname="complexLibrary.MatricesComplejasTest" time="0"/>
  <testcase name="deberiaRealizarElProductoTensorEntreMatrices" classname="complexLibrary.MatricesComplejasTest" time="0.001"/>
  <testcase name="deberiaCalcularLaInversaDeUnaMatriz" classname="complexLibrary.MatricesComplejasTest" time="0"/>
  <testcase name="deberiaCalcularLaDistanciaEntreDosVectores" classname="complexLibrary.MatricesComplejasTest" time="0"/>
  <testcase name="deberiaCalcularLaMatrizAdjunta2" classname="complexLibrary.MatricesComplejasTest" time="0"/>
  <testcase name="deberiaCalcularLaDistanciaEntreDosVectores2" classname="complexLibrary.MatricesComplejasTest" time="0"/>
  <testcase name="deberiaCalcularLaMatrizConjugada" classname="complexLibrary.MatricesComplejasTest" time="0"/>
  <testcase name="deberiaCalcularLaAccionDeUnaMatrizSobreUnVectorComplejo" classname="complexLibrary.MatricesComplejasTest" time="0"/>
  <testcase name="deberiaCalcularElProductoPorUnEscalarEnUnVector" classname="complexLibrary.MatricesComplejasTest" time="0"/>
  <testcase name="deberiaSumarModulo" classname="complexLibrary.MatricesComplejasTest" time="0"/>
  <testcase name="noDeberiaSerHermitiana" classname="complexLibrary.MatricesComplejasTest" time="0"/>
  <testcase name="deberiaCalcularElInversoAditivoDeUnaMatriz" classname="complexLibrary.MatricesComplejasTest" time="0.002"/>
  <testcase name="deberiaCalcularElProductoInternoDeUnVector" classname="complexLibrary.MatricesComplejasTest" time="0"/>
  <testcase name="deberiaMultiplicarUnEscalarPorUnVector" classname="complexLibrary.MatricesComplejasTest" time="0"/>
  <testcase name="deberiaRealizarElProductoTensorEntreVectores" classname="complexLibrary.MatricesComplejasTest" time="0.005"/>
  <testcase name="deberiaMultiplicarPorUnEscalarUnaMatriz" classname="complexLibrary.MatricesComplejasTest" time="0"/>
  <testcase name="deberiaSerUnitaria" classname="complexLibrary.MatricesComplejasTest" time="0"/>
  <testcase name="deberiaSumarDosMatrices" classname="complexLibrary.MatricesComplejasTest" time="0"/>
  <testcase name="deberiaCalcularElProductoInternoDeUnVector2" classname="complexLibrary.MatricesComplejasTest" time="0"/>
  <testcase name="deberiaCalcularElProductoInternoDeUnVector3" classname="complexLibrary.MatricesComplejasTest" time="0.001"/>
  <testcase name="deberiaCalcularElProductoInternoDeUnVector4" classname="complexLibrary.MatricesComplejasTest" time="0"/>
  <testcase name="deberiaCalcularElInversoAditivoDeUnVector" classname="complexLibrary.MatricesComplejasTest" time="0"/>
  <testcase name="deberiaMultiplicarDosMatrices2" classname="complexLibrary.MatricesComplejasTest" time="0"/>
  <testcase name="noDeberiaSerHermitiana2" classname="complexLibrary.MatricesComplejasTest" time="0.001"/>
  <testcase name="noDeberiaSerUnitaria" classname="complexLibrary.MatricesComplejasTest" time="0"/>
</testsuite>