<?xml version="1.0" encoding="UTF-8"?>
<testsuite xmlns:xsi="http://www.w3.org/2001/XMLSchema-instance" xsi:noNamespaceSchemaLocation="https://maven.apache.org/surefire/maven-surefire-plugin/xsd/surefire-test-report.xsd" name="complexLibrary.NumerosComplejosTest" time="0.007" tests="12" errors="0" skipped="0" failures="0">
  <properties>
[...]
</properties>
  <testcase name="deberiaRetornarLaFase" classname="complexLibrary.NumerosComplejosTest" time="0"/>
  <testcase name="deberiaCambiarDePolarACartesiano" classname="complexLibrary.NumerosComplejosTest" time="0"/>
  <testcase name="deberianDividirseDosNumerosComplejos" classname="complexLibrary.NumerosComplejosTest" time="0"/>
  <testcase name="deberianRestarseDosNumerosComplejos" classname="complexLibrary.NumerosComplejosTest" time="0"/>
  <testcase name="deberiaCalcularElConjugado" classname="complexLibrary.NumerosComplejosTest" time="0.001"/>
  <testcase name="deberiaCalcularElModulo2" classname="complexLibrary.NumerosComplejosTest" time="0.003"/>
  <testcase name="deberiaCambiarDeCartesianoAPolar" classname="complexLibrary.NumerosComplejosTest" time="0"/>
  <testcase name="deberiaRetornarLaFaseEstandoEnFormaPolar" classname="complexLibrary.NumerosComplejosTest" time="0"/>
  <testcase name="deberiaCalcularElModulo" classname="complexLibrary.NumerosComplejosTest" time="0"/>
  <testcase name="deberianSumarseDosNumerosComplejos" classname="complexLibrary.NumerosComplejosTest" time="0"/>
  <testcase name="deberianMultiplicarseDosNumerosComplejos" classname="complexLibrary.NumerosComplejosTest" time="0"/>
  <testcase name="noDeberianDividirseDosNumerosComplejos" classname="complexLibrary.NumerosComplejosTest" time="0"/>
</testsuite>