<?xml version="1.0" encoding="UTF-8"?>
<testsuite xmlns:xsi="http://www.w3.org/2001/XMLSchema-instance" xsi:noNamespaceSchemaLocation="https://maven.apache.org/surefire/maven-surefire-plugin/xsd/surefire-test-report.xsd" name="complexLibrary.MatricesComplejasTest" time="0.032" tests="9" errors="0" skipped="0" failures="1">
  <properties>
[...]
</properties>
  <testcase name="deberiaSumarDosVectores" classname="complexLibrary.MatricesComplejasTest" time="0"/>
  <testcase name="noDeberiaSumarMatricesDeTamañosDiferentes" classname="complexLibrary.MatricesComplejasTest" time="0"/>
  <testcase name="deberiaCalcularElProductoPorUnEscalarEnUnaMatriz" classname="complexLibrary.MatricesComplejasTest" time="0"/>
  <testcase name="deberiaCalcularLaMatrizTranspuesta" classname="complexLibrary.MatricesComplejasTest" time="0"/>
  <testcase name="deberiaCalcularLaInversaDeUnaMatriz" classname="complexLibrary.MatricesComplejasTest" time="0"/>
  <testcase name="deberiaCalcularLaMatrizConjugada" classname="complexLibrary.MatricesComplejasTest" time="0">
    <failure message="expected:&lt;Fila :0 Columna: 0  ---&gt; (2.0 + 1.0i) Fila :0 Columna: 1  ---&gt; (1.0i) Fila :0 Columna: 2  ---&gt; (4.0 + 3.0i) &#10;Fila :1 Columna: 0  ---&gt; (3.0 + 1.0i) Fila :1 Columna: 1  ---&gt; (-1.0i) Fila :1 Columna: 2  ---&gt; (2.0i) &#10;&gt; but was:&lt;Fila :0 Columna: 0  ---&gt; (2.0 + -1.0i) Fila :0 Columna: 1  ---&gt; (-1.0i) Fila :0 Columna: 2  ---&gt; (4.0 + -3.0i) &#10;Fila :1 Columna: 0  ---&gt; (3.0 + -1.0i) Fila :1 Columna: 1  ---&gt; (1.0i) Fila :1 Columna: 2  ---&gt; (-2.0i) &#10;&gt;" type="java.lang.AssertionError"><![CDATA[java.lang.AssertionError: 
expected:<Fila :0 Columna: 0  ---> (2.0 + 1.0i) Fila :0 Columna: 1  ---> (1.0i) Fila :0 Columna: 2  ---> (4.0 + 3.0i) 
Fila :1 Columna: 0  ---> (3.0 + 1.0i) Fila :1 Columna: 1  ---> (-1.0i) Fila :1 Columna: 2  ---> (2.0i) 
> but was:<Fila :0 Columna: 0  ---> (2.0 + -1.0i) Fila :0 Columna: 1  ---> (-1.0i) Fila :0 Columna: 2  ---> (4.0 + -3.0i) 
Fila :1 Columna: 0  ---> (3.0 + -1.0i) Fila :1 Columna: 1  ---> (1.0i) Fila :1 Columna: 2  ---> (-2.0i) 
>
	at complexLibrary.MatricesComplejasTest.deberiaCalcularLaMatrizConjugada(MatricesComplejasTest.java:294)
]]></failure>
    <system-out><![CDATA[Fila :0 Columna: 0  ---> (2.0 + -1.0i) Fila :0 Columna: 1  ---> (-1.0i) Fila :0 Columna: 2  ---> (4.0 + -3.0i) 
Fila :1 Columna: 0  ---> (3.0 + -1.0i) Fila :1 Columna: 1  ---> (1.0i) Fila :1 Columna: 2  ---> (-2.0i) 

Fila :0 Columna: 0  ---> (2.0 + -1.0i) Fila :0 Columna: 1  ---> (-1.0i) Fila :0 Columna: 2  ---> (4.0 + -3.0i) 
Fila :1 Columna: 0  ---> (3.0 + -1.0i) Fila :1 Columna: 1  ---> (1.0i) Fila :1 Columna: 2  ---> (-2.0i) 

]]></system-out>
  </testcase>
  <testcase name="deberiaCalcularElProductoPorUnEscalarEnUnVector" classname="complexLibrary.MatricesComplejasTest" time="0"/>
  <testcase name="deberiaSumarModulo" classname="complexLibrary.MatricesComplejasTest" time="0"/>
  <testcase name="deberiaSumarDosMatrices" classname="complexLibrary.MatricesComplejasTest" time="0"/>
</testsuite>