<?xml version="1.0" encoding="UTF-8"?>
<testsuite xmlns:xsi="http://www.w3.org/2001/XMLSchema-instance" xsi:noNamespaceSchemaLocation="https://maven.apache.org/surefire/maven-surefire-plugin/xsd/surefire-test-report.xsd" name="complexLibrary.MatricesComplejasTest" time="0.032" tests="9" errors="0" skipped="0" failures="1">
  <properties>
    <property name="sun.desktop" value="windows"/>
    <property name="awt.toolkit" value="sun.awt.windows.WToolkit"/>
    <property name="file.encoding.pkg" value="sun.io"/>
    <property name="java.specification.version" value="1.8"/>
    <property name="sun.cpu.isalist" value="amd64"/>
    <property name="sun.jnu.encoding" value="Cp1252"/>
    <property name="java.class.path" value="C:\Users\2145120\Documents\LibreriaNumerosComplejos\target\test-classes;C:\Users\2145120\Documents\LibreriaNumerosComplejos\target\classes;C:\Users\2145120\.m2\repository\junit\junit\4.11\junit-4.11.jar;C:\Users\2145120\.m2\repository\org\hamcrest\hamcrest-core\1.3\hamcrest-core-1.3.jar;"/>
    <property name="java.vm.vendor" value="Oracle Corporation"/>
    <property name="sun.arch.data.model" value="64"/>
    <property name="user.variant" value=""/>
    <property name="java.vendor.url" value="http://java.oracle.com/"/>
    <property name="user.timezone" value="America/Bogota"/>
    <property name="java.vm.specification.version" value="1.8"/>
    <property name="os.name" value="Windows 10"/>
    <property name="sun.java.launcher" value="SUN_STANDARD"/>
    <property name="user.country" value="US"/>
    <property name="sun.boot.library.path" value="C:\Program Files\Java\jdk1.8.0_201\jre\bin"/>
    <property name="sun.java.command" value="C:\Users\2145120\AppData\Local\Temp\surefire7822611859259920015\surefirebooter4113954651190984545.jar C:\Users\2145120\AppData\Local\Temp\surefire7822611859259920015 2019-08-29T12-59-53_046-jvmRun1 surefire8050726064052863321tmp surefire_01723839897499580272tmp"/>
    <property name="test" value="complexLibrary.MatricesComplejasTest"/>
    <property name="surefire.test.class.path" value="C:\Users\2145120\Documents\LibreriaNumerosComplejos\target\test-classes;C:\Users\2145120\Documents\LibreriaNumerosComplejos\target\classes;C:\Users\2145120\.m2\repository\junit\junit\4.11\junit-4.11.jar;C:\Users\2145120\.m2\repository\org\hamcrest\hamcrest-core\1.3\hamcrest-core-1.3.jar;"/>
    <property name="sun.cpu.endian" value="little"/>
    <property name="user.home" value="C:\Users\2145120"/>
    <property name="user.language" value="en"/>
    <property name="java.specification.vendor" value="Oracle Corporation"/>
    <property name="java.home" value="C:\Program Files\Java\jdk1.8.0_201\jre"/>
    <property name="basedir" value="C:\Users\2145120\Documents\LibreriaNumerosComplejos"/>
    <property name="file.separator" value="\"/>
    <property name="line.separator" value="&#10;"/>
    <property name="java.vm.specification.vendor" value="Oracle Corporation"/>
    <property name="java.specification.name" value="Java Platform API Specification"/>
    <property name="java.awt.graphicsenv" value="sun.awt.Win32GraphicsEnvironment"/>
    <property name="surefire.real.class.path" value="C:\Users\2145120\AppData\Local\Temp\surefire7822611859259920015\surefirebooter4113954651190984545.jar"/>
    <property name="sun.boot.class.path" value="C:\Program Files\Java\jdk1.8.0_201\jre\lib\resources.jar;C:\Program Files\Java\jdk1.8.0_201\jre\lib\rt.jar;C:\Program Files\Java\jdk1.8.0_201\jre\lib\sunrsasign.jar;C:\Program Files\Java\jdk1.8.0_201\jre\lib\jsse.jar;C:\Program Files\Java\jdk1.8.0_201\jre\lib\jce.jar;C:\Program Files\Java\jdk1.8.0_201\jre\lib\charsets.jar;C:\Program Files\Java\jdk1.8.0_201\jre\lib\jfr.jar;C:\Program Files\Java\jdk1.8.0_201\jre\classes"/>
    <property name="user.script" value=""/>
    <property name="sun.management.compiler" value="HotSpot 64-Bit Tiered Compilers"/>
    <property name="java.runtime.version" value="1.8.0_201-b09"/>
    <property name="user.name" value="2145120"/>
    <property name="path.separator" value=";"/>
    <property name="os.version" value="10.0"/>
    <property name="java.endorsed.dirs" value="C:\Program Files\Java\jdk1.8.0_201\jre\lib\endorsed"/>
    <property name="java.runtime.name" value="Java(TM) SE Runtime Environment"/>
    <property name="file.encoding" value="Cp1252"/>
    <property name="java.vm.name" value="Java HotSpot(TM) 64-Bit Server VM"/>
    <property name="maven.ext.class.path" value="C:\Program Files\NetBeans 8.2\java\maven-nblib\netbeans-eventspy.jar"/>
    <property name="localRepository" value="C:\Users\2145120\.m2\repository"/>
    <property name="java.vendor.url.bug" value="http://bugreport.sun.com/bugreport/"/>
    <property name="java.io.tmpdir" value="C:\Users\2145120\AppData\Local\Temp\"/>
    <property name="java.version" value="1.8.0_201"/>
    <property name="user.dir" value="C:\Users\2145120\Documents\LibreriaNumerosComplejos"/>
    <property name="os.arch" value="amd64"/>
    <property name="java.vm.specification.name" value="Java Virtual Machine Specification"/>
    <property name="java.awt.printerjob" value="sun.awt.windows.WPrinterJob"/>
    <property name="sun.os.patch.level" value=""/>
    <property name="java.library.path" value="C:\Program Files\Java\jdk1.8.0_201\jre\bin;C:\Windows\Sun\Java\bin;C:\Windows\system32;C:\Windows;C:\Program Files\Haskell\bin;C:\Program Files\Haskell Platform\8.6.3\lib\extralibs\bin;C:\Program Files\Haskell Platform\8.6.3\bin;C:\Program Files\Java\jre1.8.0_201\bin;C:\Program Files\Java\jdk1.8.0_201\bin;C:\Program Files (x86)\Python37-32\Scripts\;C:\Program Files (x86)\Python37-32\;C:\Windows\system32;C:\Windows;C:\Windows\System32\Wbem;C:\Windows\System32\WindowsPowerShell\v1.0\;C:\Windows\System32\OpenSSH\;C:\Program Files (x86)\PuTTY\;C:\Program Files (x86)\WinSCP\;C:\Program Files\Git\cmd;C:\Program Files\Haskell Platform\8.6.3\mingw\bin;C:\Program Files\Microsoft SQL Server\130\Tools\Binn\;C:\Program Files\swipl\bin;&quot;C:\ProgramData\Oracle\Java\javapath;&quot;;C:\Android;C:\Android\tools;C:\Android\platform_tools;C:\Program Files\apache-maven-3.6.0\bin;C:\Program Files\Apache Software Foundation\Apache Maven 3.6.0\bin;C:\Program Files\Java\jdk1.8.0_201\bin;C:\Program Files\Java\jre1.8.0_201\bin;C:\Program Files (x86)\Wolfram Research\WolframScript\;C:\Program Files\heroku\bin;C:\Users\2145120\AppData\Local\Microsoft\WindowsApps;;C:\Users\2145120\AppData\Local\Programs\Microsoft VS Code\bin;."/>
    <property name="java.vm.info" value="mixed mode"/>
    <property name="java.vendor" value="Oracle Corporation"/>
    <property name="java.vm.version" value="25.201-b09"/>
    <property name="java.ext.dirs" value="C:\Program Files\Java\jdk1.8.0_201\jre\lib\ext;C:\Windows\Sun\Java\lib\ext"/>
    <property name="sun.io.unicode.encoding" value="UnicodeLittle"/>
    <property name="java.class.version" value="52.0"/>
  </properties>
  <testcase name="deberiaSumarDosVectores" classname="complexLibrary.MatricesComplejasTest" time="0"/>
  <testcase name="noDeberiaSumarMatricesDeTamaÃ±osDiferentes" classname="complexLibrary.MatricesComplejasTest" time="0"/>
  <testcase name="deberiaCalcularElProductoPorUnEscalarEnUnaMatriz" classname="complexLibrary.MatricesComplejasTest" time="0"/>
  <testcase name="deberiaCalcularLaMatrizTranspuesta" classname="complexLibrary.MatricesComplejasTest" time="0"/>
  <testcase name="deberiaCalcularLaInversaDeUnaMatriz" classname="complexLibrary.MatricesComplejasTest" time="0"/>
  <testcase name="deberiaCalcularLaMatrizConjugada" classname="complexLibrary.MatricesComplejasTest" time="0">
    <failure message="expected:&lt;Fila :0 Columna: 0  ---&gt; (2.0 + 1.0i) Fila :0 Columna: 1  ---&gt; (1.0i) Fila :0 Columna: 2  ---&gt; (4.0 + 3.0i) &#10;Fila :1 Columna: 0  ---&gt; (3.0 + 1.0i) Fila :1 Columna: 1  ---&gt; (-1.0i) Fila :1 Columna: 2  ---&gt; (2.0i) &#10;&gt; but was:&lt;Fila :0 Columna: 0  ---&gt; (2.0 + -1.0i) Fila :0 Columna: 1  ---&gt; (-1.0i) Fila :0 Columna: 2  ---&gt; (4.0 + -3.0i) &#10;Fila :1 Columna: 0  ---&gt; (3.0 + -1.0i) Fila :1 Columna: 1  ---&gt; (1.0i) Fila :1 Columna: 2  ---&gt; (-2.0i) &#10;&gt;" type="java.lang.AssertionError"><![CDATA[java.lang.AssertionError: 
expected:<Fila :0 Columna: 0  ---> (2.0 + 1.0i) Fila :0 Columna: 1  ---> (1.0i) Fila :0 Columna: 2  ---> (4.0 + 3.0i) 
Fila :1 Columna: 0  ---> (3.0 + 1.0i) Fila :1 Columna: 1  ---> (-1.0i) Fila :1 Columna: 2  ---> (2.0i) 
> but was:<Fila :0 Columna: 0  ---> (2.0 + -1.0i) Fila :0 Columna: 1  ---> (-1.0i) Fila :0 Columna: 2  ---> (4.0 + -3.0i) 
Fila :1 Columna: 0  ---> (3.0 + -1.0i) Fila :1 Columna: 1  ---> (1.0i) Fila :1 Columna: 2  ---> (-2.0i) 
>
	at complexLibrary.MatricesComplejasTest.deberiaCalcularLaMatrizConjugada(MatricesComplejasTest.java:294)
]]></failure>
    <system-out><![CDATA[Fila :0 Columna: 0  ---> (2.0 + -1.0i) Fila :0 Columna: 1  ---> (-1.0i) Fila :0 Columna: 2  ---> (4.0 + -3.0i) 
Fila :1 Columna: 0  ---> (3.0 + -1.0i) Fila :1 Columna: 1  ---> (1.0i) Fila :1 Columna: 2  ---> (-2.0i) 

Fila :0 Columna: 0  ---> (2.0 + -1.0i) Fila :0 Columna: 1  ---> (-1.0i) Fila :0 Columna: 2  ---> (4.0 + -3.0i) 
Fila :1 Columna: 0  ---> (3.0 + -1.0i) Fila :1 Columna: 1  ---> (1.0i) Fila :1 Columna: 2  ---> (-2.0i) 

]]></system-out>
  </testcase>
  <testcase name="deberiaCalcularElProductoPorUnEscalarEnUnVector" classname="complexLibrary.MatricesComplejasTest" time="0"/>
  <testcase name="deberiaSumarModulo" classname="complexLibrary.MatricesComplejasTest" time="0"/>
  <testcase name="deberiaSumarDosMatrices" classname="complexLibrary.MatricesComplejasTest" time="0"/>
</testsuite>